<?xml version="1.0" encoding="UTF-8"?>
<testng-results skipped="0" failed="0" ignored="0" total="1" passed="1">
  <reporter-output>
  </reporter-output>
  <suite name="Surefire suite" duration-ms="14958" started-at="2017-05-31T00:18:46Z" finished-at="2017-05-31T00:19:01Z">
    <groups>
    </groups>
    <test name="Surefire test" duration-ms="14958" started-at="2017-05-31T00:18:46Z" finished-at="2017-05-31T00:19:01Z">
      <class name="com.LearningMaven.LearningMaven.Tests.AppTest">
        <test-method status="PASS" signature="openWebBrowser()[pri:0, instance:com.LearningMaven.LearningMaven.Tests.AppTest@edf4efb]" name="openWebBrowser" duration-ms="14898" started-at="2017-05-30T20:18:46Z" finished-at="2017-05-30T20:19:01Z">
          <reporter-output>
          </reporter-output>
        </test-method> <!-- openWebBrowser -->
      </class> <!-- com.LearningMaven.LearningMaven.Tests.AppTest -->
    </test> <!-- Surefire test -->
  </suite> <!-- Surefire suite -->
</testng-results>
